2025-05-28 22:28:10 [[31merror[39m]: Error: The file at ./google-vision-key.json does not exist, or it is not a file. ENOENT: no such file or directory, lstat 'C:\Users\USUARIO WINDOWS\Desktop\Proyecto-CompuSCan\google-vision-key.json'
    at Object.realpathSync (node:fs:2729:29)
    at GoogleAuth._getApplicationCredentialsFromFilePath (C:\Users\USUARIO WINDOWS\Desktop\Proyecto-CompuSCan\node_modules\google-auth-library\build\src\auth\googleauth.js:380:27)
    at GoogleAuth._tryGetApplicationCredentialsFromEnvironmentVariable (C:\Users\USUARIO WINDOWS\Desktop\Proyecto-CompuSCan\node_modules\google-auth-library\build\src\auth\googleauth.js:321:25)
    at GoogleAuth.getApplicationDefaultAsync (C:\Users\USUARIO WINDOWS\Desktop\Proyecto-CompuSCan\node_modules\google-auth-library\build\src\auth\googleauth.js:257:24)
    at #determineClient (C:\Users\USUARIO WINDOWS\Desktop\Proyecto-CompuSCan\node_modules\google-auth-library\build\src\auth\googleauth.js:732:47)
    at GoogleAuth.getClient (C:\Users\USUARIO WINDOWS\Desktop\Proyecto-CompuSCan\node_modules\google-auth-library\build\src\auth\googleauth.js:707:61)
    at GrpcClient._getCredentials (C:\Users\USUARIO WINDOWS\Desktop\Proyecto-CompuSCan\node_modules\google-gax\build\src\grpc.js:186:40)
    at GrpcClient.createStub (C:\Users\USUARIO WINDOWS\Desktop\Proyecto-CompuSCan\node_modules\google-gax\build\src\grpc.js:367:34)
    at process.processTicksAndRejections (node:internal/process/task_queues:95:5)
2025-05-28 22:32:31 [[31merror[39m]: Error: The file at ./google-vision-key.json does not exist, or it is not a file. ENOENT: no such file or directory, lstat 'C:\Users\USUARIO WINDOWS\Desktop\Proyecto-CompuSCan\google-vision-key.json'
    at Object.realpathSync (node:fs:2729:29)
    at GoogleAuth._getApplicationCredentialsFromFilePath (C:\Users\USUARIO WINDOWS\Desktop\Proyecto-CompuSCan\node_modules\google-auth-library\build\src\auth\googleauth.js:380:27)
    at GoogleAuth._tryGetApplicationCredentialsFromEnvironmentVariable (C:\Users\USUARIO WINDOWS\Desktop\Proyecto-CompuSCan\node_modules\google-auth-library\build\src\auth\googleauth.js:321:25)
    at GoogleAuth.getApplicationDefaultAsync (C:\Users\USUARIO WINDOWS\Desktop\Proyecto-CompuSCan\node_modules\google-auth-library\build\src\auth\googleauth.js:257:24)
    at #determineClient (C:\Users\USUARIO WINDOWS\Desktop\Proyecto-CompuSCan\node_modules\google-auth-library\build\src\auth\googleauth.js:732:47)
    at GoogleAuth.getClient (C:\Users\USUARIO WINDOWS\Desktop\Proyecto-CompuSCan\node_modules\google-auth-library\build\src\auth\googleauth.js:707:61)
    at GrpcClient._getCredentials (C:\Users\USUARIO WINDOWS\Desktop\Proyecto-CompuSCan\node_modules\google-gax\build\src\grpc.js:186:40)
    at GrpcClient.createStub (C:\Users\USUARIO WINDOWS\Desktop\Proyecto-CompuSCan\node_modules\google-gax\build\src\grpc.js:367:34)
    at process.processTicksAndRejections (node:internal/process/task_queues:95:5)
2025-05-29 06:22:32 [[31merror[39m]: Error: Could not load the default credentials. Browse to https://cloud.google.com/docs/authentication/getting-started for more information.
    at GoogleAuth.getApplicationDefaultAsync (C:\Users\USUARIO WINDOWS\Desktop\Proyecto-CompuSCan\node_modules\google-auth-library\build\src\auth\googleauth.js:284:15)
    at process.processTicksAndRejections (node:internal/process/task_queues:95:5)
    at async #determineClient (C:\Users\USUARIO WINDOWS\Desktop\Proyecto-CompuSCan\node_modules\google-auth-library\build\src\auth\googleauth.js:732:36)
    at async GoogleAuth.getClient (C:\Users\USUARIO WINDOWS\Desktop\Proyecto-CompuSCan\node_modules\google-auth-library\build\src\auth\googleauth.js:709:20)
    at async GrpcClient._getCredentials (C:\Users\USUARIO WINDOWS\Desktop\Proyecto-CompuSCan\node_modules\google-gax\build\src\grpc.js:186:24)
    at async GrpcClient.createStub (C:\Users\USUARIO WINDOWS\Desktop\Proyecto-CompuSCan\node_modules\google-gax\build\src\grpc.js:367:23)
2025-05-29 06:46:46 [[31merror[39m]: Error: The file at ./google-vision-key.json does not exist, or it is not a file. ENOENT: no such file or directory, lstat 'C:\Users\USUARIO WINDOWS\Desktop\Proyecto-CompuSCan\google-vision-key.json'
    at Object.realpathSync (node:fs:2729:29)
    at GoogleAuth._getApplicationCredentialsFromFilePath (C:\Users\USUARIO WINDOWS\Desktop\Proyecto-CompuSCan\node_modules\google-auth-library\build\src\auth\googleauth.js:380:27)
    at GoogleAuth._tryGetApplicationCredentialsFromEnvironmentVariable (C:\Users\USUARIO WINDOWS\Desktop\Proyecto-CompuSCan\node_modules\google-auth-library\build\src\auth\googleauth.js:321:25)
    at GoogleAuth.getApplicationDefaultAsync (C:\Users\USUARIO WINDOWS\Desktop\Proyecto-CompuSCan\node_modules\google-auth-library\build\src\auth\googleauth.js:257:24)
    at #determineClient (C:\Users\USUARIO WINDOWS\Desktop\Proyecto-CompuSCan\node_modules\google-auth-library\build\src\auth\googleauth.js:732:47)
    at GoogleAuth.getClient (C:\Users\USUARIO WINDOWS\Desktop\Proyecto-CompuSCan\node_modules\google-auth-library\build\src\auth\googleauth.js:707:61)
    at GrpcClient._getCredentials (C:\Users\USUARIO WINDOWS\Desktop\Proyecto-CompuSCan\node_modules\google-gax\build\src\grpc.js:186:40)
    at GrpcClient.createStub (C:\Users\USUARIO WINDOWS\Desktop\Proyecto-CompuSCan\node_modules\google-gax\build\src\grpc.js:367:34)
    at process.processTicksAndRejections (node:internal/process/task_queues:95:5)
2025-05-30 06:17:19 [[31merror[39m]: Error: listen EADDRINUSE: address already in use :::3000
    at Server.setupListenHandle [as _listen2] (node:net:1904:16)
    at listenInCluster (node:net:1961:12)
    at Server.listen (node:net:2063:7)
    at Function.listen (C:\Users\USUARIO WINDOWS\Desktop\Proyecto-CompuSCan\node_modules\express\lib\application.js:635:24)
    at Object.<anonymous> (C:\Users\USUARIO WINDOWS\Desktop\Proyecto-CompuSCan\app.js:123:5)
    at Module._compile (node:internal/modules/cjs/loader:1358:14)
    at Module._extensions..js (node:internal/modules/cjs/loader:1416:10)
    at Module.load (node:internal/modules/cjs/loader:1208:32)
    at Module._load (node:internal/modules/cjs/loader:1024:12)
    at Function.executeUserEntryPoint [as runMain] (node:internal/modules/run_main:174:12)
